Turbo Assembler	 Version 3.2	    02/18/21 10:56:22	    Page 1
LAB1_\names.asm
ЛР_1


      1				     ;------------------------------------------------------------------------------
      2				     ;ЛР  №1.1
      3				     ;------------------------------------------------------------------------------
      4				     ; Програмування 3. Системне програмування
      5				     ; Завдання:	      Основи розробки і налагодження
      6				     ; ВУЗ:			КНУУ "КПІ"
      7				     ; Факультет:    ФІОТ
      8				     ; Курс:		1
      9				     ; Група:	 ІТ-03
     10				     ;------------------------------------------------------------------------------
     11				     ; Автор:	  Очкас Куксюк Іванченко
     12				     ; Дата:	 16/02/2021
     13				     ;---------------------------------
     14						     ;I.ЗАГОЛОВОК ПРОГРАМИ
     15				     IDEAL	     ; Директива - тип Асемблера tasm
     16	0000			     MODEL small     ; Директива - тип моделі	пам’яті
     17	0000			     STACK 256	     ; Директива - розмір стеку
     18						     ;II.МАКРОСИ
     19						     ;III.ПОЧАТОК СЕГ	arr_rnd1МЕНТУ ДАНИХ
     20	0100			     DATASEG
     21	0000  00		     exCode db 0
     22	0001  4F 63 68 6B 61 73	20+  message db	"Ochkas	Dmytro", 10, 13,"Ivanchenko Ksenia", 10, 13, "Kuksiuk Vladyslav", 10, 13,   +
     23	      44 6D 79 74 72 6F	0A+  '$' ;Рядок символів для виводу на екран
     24	      0D 49 76 61 6E 63	68+
     25	      65 6E 6B 6F 20 4B	73+
     26	      65 6E 69 61 0A 0D	4B+
     27	      75 6B 73 69 75 6B	20+
     28	      56 6C 61 64 79 73	6C+
     29	      61 76 0A 0D 24
     30						     ;VI. ПОЧАТОК СЕГМЕНТУ КОДУ
     31	0037			     CODESEG
     32	0000			     Start:
     33				     ;---------------------------------	1. Ініціалізація DS и			    +
     34				     ES---------------------------------------
     35	0000  B8 0000s			 mov ax,@data	 ; @data ідентифікатор, що створюються	    +
     36				     директивою model
     37	0003  8E D8			 mov ds, ax  ; Завантаження	початку сегменту	даних в	    +
     38				     регістр ds
     39	0005  8E C0			 mov es, ax  ; Завантаження	початку сегменту	даних в	    +
     40				     регістр es
     41				     ;----------------------------------2. Операція виводу на			    +
     42				     консоль---------------------------------
     43						 ; Пересилання адреси рядка символів message в	    +
     44				     регістр dx
     45	0007  BA 0001r			 mov dx, offset	message
     46						 ; Завантаження числа 09h до	регістру ah
     47						 ; (Функція DOS 9h - команда виводу	на консоль	    +
     48				     рядка)
     49	000A  B4 09			 mov ah,09h
     50	000C  CD 21			 int 21h     ; Виклик функції DOS 9h
     51	000E  B4 09			 mov ah,09h
     52	0010  CD 21			 int 21h
     53				     ;----------------------------------3. Операція зупинки програми,	    +
     54				     очікування натискання клавіш-----
     55	0012  B4 01			 mov ah,01h
     56						 ; Завантаження числа 01h до	регістру ah
     57						 ; (Функція DOS 1h - команда очікування	натискання+
Turbo Assembler	 Version 3.2	    02/18/21 10:56:22	    Page 2
LAB1_\names.asm
ЛР_1


     58				     клавіші...)
     59	0014  CD 21			 int 21h     ; Виклик функції DOS 1h
     60						 ; Завантаження числа 4ch до	регістру ah
     61						 ; (Функція DOS 4ch - виходу з програми)
     62				     ;---------------------------------4. Вихід з						    +
     63				     програми---------------------------------------------
     64	0016  B4 4C			 mov ah,4ch
     65	0018  A0 0000r			 mov al,[exCode] ; отримання коду виходу
     66	001B  CD 21			 int 21h     ; виклик функції DOS 4ch
     67					 end Start
Turbo Assembler	 Version 3.2	    02/18/21 10:56:22	    Page 3
Symbol Table
ЛР_1



Symbol Name			  Type	 Value

??DATE				  Text	 "02/18/21"
??FILENAME			  Text	 "names	  "
??TIME				  Text	 "10:56:22"
??VERSION			  Number 0314
@32BIT				  Text	 0
@CODE				  Text	 _TEXT
@CODESIZE			  Text	 0
@CPU				  Text	 0101H
@CURSEG				  Text	 _TEXT
@DATA				  Text	 DGROUP
@DATASIZE			  Text	 0
@FILENAME			  Text	 NAMES
@INTERFACE			  Text	 00H
@MODEL				  Text	 2
@STACK				  Text	 DGROUP
@WORDSIZE			  Text	 2
EXCODE				  Byte	 DGROUP:0000
MESSAGE				  Byte	 DGROUP:0001
START				  Near	 _TEXT:0000

Groups & Segments		  Bit Size Align  Combine Class

DGROUP				  Group
  STACK				  16  0100 Para	  Stack	  STACK
  _DATA				  16  0037 Word	  Public  DATA
_TEXT				  16  001D Word	  Public  CODE
